{"contracts/LuckyToken.sol":{"l":{"24":21,"25":21,"26":21,"29":21,"31":21,"33":21,"35":21,"42":70,"46":6,"54":69,"55":66},"path":"/home/sakuboyz/BBT_Internship/Lucky-Token/contracts/LuckyToken.sol","s":{"1":21,"2":21,"3":21,"4":21,"5":21,"6":21,"7":21,"8":70,"9":6,"10":69,"11":66},"b":{"1":[66,3]},"f":{"1":21,"2":70,"3":6,"4":69},"fnMap":{"1":{"name":"constructor","line":22,"loc":{"start":{"line":22,"column":4},"end":{"line":36,"column":4}}},"2":{"name":"cap","line":41,"loc":{"start":{"line":41,"column":4},"end":{"line":43,"column":4}}},"3":{"name":"mint","line":45,"loc":{"start":{"line":45,"column":4},"end":{"line":47,"column":4}}},"4":{"name":"_mint","line":53,"loc":{"start":{"line":53,"column":4},"end":{"line":56,"column":4}}}},"statementMap":{"1":{"start":{"line":24,"column":8},"end":{"line":24,"column":21}},"2":{"start":{"line":25,"column":8},"end":{"line":25,"column":27}},"3":{"start":{"line":26,"column":8},"end":{"line":26,"column":29}},"4":{"start":{"line":29,"column":8},"end":{"line":29,"column":32}},"5":{"start":{"line":31,"column":8},"end":{"line":31,"column":33}},"6":{"start":{"line":33,"column":8},"end":{"line":33,"column":34}},"7":{"start":{"line":35,"column":8},"end":{"line":35,"column":32}},"8":{"start":{"line":42,"column":8},"end":{"line":42,"column":18}},"9":{"start":{"line":46,"column":8},"end":{"line":46,"column":26}},"10":{"start":{"line":54,"column":8},"end":{"line":54,"column":83}},"11":{"start":{"line":55,"column":8},"end":{"line":55,"column":32}}},"branchMap":{"1":{"line":54,"type":"if","locations":[{"start":{"line":54,"column":8},"end":{"line":54,"column":8}},{"start":{"line":54,"column":8},"end":{"line":54,"column":8}}]}}}}